open-event-organizer-android/app/build 2/intermediates/manifest_merge_blame_file/fdroidDebug/manifest-merger-blame-fdroid-debug-report 3.txt
1<?xml version="1.0" encoding="utf-8"?>
2<manifest xmlns:android="http://schemas.android.com/apk/res/android"
3    package="com.eventyay.organizer"
4    android:versionCode="17"
5    android:versionName="1.7.0" >
6
7    <uses-sdk
8        android:minSdkVersion="21"
9        android:targetSdkVersion="28" />
10
11    <uses-permission android:name="android.permission.CAMERA" />
11-->src/main/AndroidManifest.xml:6:5-65
11-->src/main/AndroidManifest.xml:6:22-62
12    <uses-permission android:name="android.permission.INTERNET" />
12-->src/main/AndroidManifest.xml:7:5-67
12-->src/main/AndroidManifest.xml:7:22-64
13    <uses-permission android:name="android.permission.ACCESS_NETWORK_STATE" />
13-->src/main/AndroidManifest.xml:8:5-79
13-->src/main/AndroidManifest.xml:8:22-76
14    <uses-permission android:name="android.permission.VIBRATE" />
14-->src/main/AndroidManifest.xml:9:5-66
14-->src/main/AndroidManifest.xml:9:22-63
15    <uses-permission android:name="android.permission.WAKE_LOCK" />
15-->[androidx.work:work-runtime:2.0.0] AndroidManifest.xml:23:5-68
15-->[androidx.work:work-runtime:2.0.0] AndroidManifest.xml:23:22-65
16    <uses-permission android:name="android.permission.RECEIVE_BOOT_COMPLETED" /> <!-- To store the heap dumps and leak analysis results. -->
16-->[androidx.work:work-runtime:2.0.0] AndroidManifest.xml:25:5-81
16-->[androidx.work:work-runtime:2.0.0] AndroidManifest.xml:25:22-78
17    <uses-permission android:name="android.permission.READ_EXTERNAL_STORAGE" />
17-->[com.squareup.leakcanary:leakcanary-android-core:2.0-alpha-1] AndroidManifest.xml:23:5-80
17-->[com.squareup.leakcanary:leakcanary-android-core:2.0-alpha-1] AndroidManifest.xml:23:22-77
18    <uses-permission android:name="android.permission.WRITE_EXTERNAL_STORAGE" /> <!-- To allow starting foreground services on Android P+ - https://developer.android.com/preview/behavior-changes#fg-svc -->
18-->[com.squareup.leakcanary:leakcanary-android-core:2.0-alpha-1] AndroidManifest.xml:24:5-81
18-->[com.squareup.leakcanary:leakcanary-android-core:2.0-alpha-1] AndroidManifest.xml:24:22-78
19    <uses-permission android:name="android.permission.FOREGROUND_SERVICE" />
19-->[com.squareup.leakcanary:leakcanary-android-core:2.0-alpha-1] AndroidManifest.xml:26:5-77
19-->[com.squareup.leakcanary:leakcanary-android-core:2.0-alpha-1] AndroidManifest.xml:26:22-74
20
21    <uses-feature
21-->[com.mapbox.mapboxsdk:mapbox-android-sdk:8.0.0] AndroidManifest.xml:9:5-11:35
22        android:glEsVersion="0x00020000"
22-->[com.mapbox.mapboxsdk:mapbox-android-sdk:8.0.0] AndroidManifest.xml:10:9-41
23        android:required="true" />
23-->[com.mapbox.mapboxsdk:mapbox-android-sdk:8.0.0] AndroidManifest.xml:11:9-32
24    <uses-feature
24-->[com.mapbox.mapboxsdk:mapbox-android-sdk:8.0.0] AndroidManifest.xml:12:5-14:36
25        android:name="android.hardware.wifi"
25-->[com.mapbox.mapboxsdk:mapbox-android-sdk:8.0.0] AndroidManifest.xml:13:9-45
26        android:required="false" />
26-->[com.mapbox.mapboxsdk:mapbox-android-sdk:8.0.0] AndroidManifest.xml:14:9-33
27
28    <uses-permission android:name="android.permission.ACCESS_WIFI_STATE" />
28-->[com.mapbox.mapboxsdk:mapbox-android-sdk:8.0.0] AndroidManifest.xml:18:5-76
28-->[com.mapbox.mapboxsdk:mapbox-android-sdk:8.0.0] AndroidManifest.xml:18:22-73
29    <uses-permission android:name="android.permission.ACCESS_FINE_LOCATION" />
29-->[com.mapbox.mapboxsdk:mapbox-android-telemetry:4.4.1] AndroidManifest.xml:13:5-79
29-->[com.mapbox.mapboxsdk:mapbox-android-telemetry:4.4.1] AndroidManifest.xml:13:22-76
30
31    <application
32        android:name="com.eventyay.organizer.OrgaApplication"
32-->src/main/AndroidManifest.xml:12:9-62
33        android:allowBackup="false"
33-->src/main/AndroidManifest.xml:13:9-36
34        android:appComponentFactory="androidx.core.app.CoreComponentFactory"
34-->[androidx.core:core:1.3.1] AndroidManifest.xml:24:18-86
35        android:debuggable="true"
36        android:icon="@mipmap/ic_launcher"
36-->src/main/AndroidManifest.xml:14:9-43
37        android:label="Eventyay Organizer"
37-->src/main/AndroidManifest.xml:15:9-35
38        android:networkSecurityConfig="@xml/network_security_config"
38-->src/debug/AndroidManifest.xml:6:5-65
39        android:supportsRtl="true"
39-->src/main/AndroidManifest.xml:16:9-35
40        android:testOnly="true"
41        android:theme="@style/AppTheme" >
41-->src/main/AndroidManifest.xml:17:9-40
42        <provider
43            android:name="com.eventyay.organizer.OrgaProvider"
44            android:authorities="com.eventyay.organizer.com.eventyay.organizer"
45            android:exported="false" /> <!-- TODO: Current approach for resolving Toolbar issues is just a workaround -->
46        <activity
47            android:name="com.eventyay.organizer.core.auth.AuthActivity"
48            android:label="Eventyay Organizer"
49            android:theme="@style/SplashTheme"
50            android:windowSoftInputMode="stateHidden|adjustResize" >
51            <intent-filter>
51-->[com.squareup.leakcanary:leakcanary-android-core:2.0-alpha-1] AndroidManifest.xml:58:13-62:29
52                <action android:name="android.intent.action.MAIN" />
52-->[com.squareup.leakcanary:leakcanary-android-core:2.0-alpha-1] AndroidManifest.xml:59:17-69
52-->[com.squareup.leakcanary:leakcanary-android-core:2.0-alpha-1] AndroidManifest.xml:59:25-66
53
54                <category android:name="android.intent.category.LAUNCHER" />
54-->[com.squareup.leakcanary:leakcanary-android-core:2.0-alpha-1] AndroidManifest.xml:61:17-77
54-->[com.squareup.leakcanary:leakcanary-android-core:2.0-alpha-1] AndroidManifest.xml:61:27-74
55            </intent-filter>
56            <intent-filter>
57                <action android:name="android.intent.action.VIEW" />
57-->src/main/AndroidManifest.xml:69:17-69
57-->src/main/AndroidManifest.xml:69:25-66
58
59                <category android:name="android.intent.category.DEFAULT" />
59-->src/main/AndroidManifest.xml:71:17-76
59-->src/main/AndroidManifest.xml:71:27-73
60                <category android:name="android.intent.category.BROWSABLE" />
60-->src/main/AndroidManifest.xml:72:17-78
60-->src/main/AndroidManifest.xml:72:27-75
61
62                <data
62-->src/main/AndroidManifest.xml:74:17-77:46
63                    android:host="@string/FRONTEND_HOST"
63-->src/main/AndroidManifest.xml:75:21-57
64                    android:pathPrefix="/reset-password"
64-->src/main/AndroidManifest.xml:76:21-49
65                    android:scheme="https" />
65-->src/main/AndroidManifest.xml:77:21-43
66            </intent-filter>
67        </activity>
68        <activity
68-->src/main/AndroidManifest.xml:46:9-48:52
69            android:name="com.eventyay.organizer.core.attendee.qrscan.ScanQRActivity"
69-->src/main/AndroidManifest.xml:47:13-86
70            android:theme="@style/AppTheme.Main" />
70-->src/main/AndroidManifest.xml:48:13-49
71        <activity
71-->src/main/AndroidManifest.xml:49:9-52:58
72            android:name="com.eventyay.organizer.core.main.MainActivity"
72-->src/main/AndroidManifest.xml:50:13-73
73            android:label="@string/title_activity_main"
73-->src/main/AndroidManifest.xml:51:13-56
74            android:theme="@style/AppTheme.Main.Light" />
74-->src/main/AndroidManifest.xml:52:13-55
75        <activity
75-->src/main/AndroidManifest.xml:53:9-55:58
76            android:name="com.eventyay.organizer.core.event.chart.ChartActivity"
76-->src/main/AndroidManifest.xml:54:13-81
77            android:theme="@style/AppTheme.Main.Light" />
77-->src/main/AndroidManifest.xml:55:13-55
78        <activity
78-->src/main/AndroidManifest.xml:56:9-59:58
79            android:name="com.eventyay.organizer.core.event.about.AboutEventActivity"
79-->src/main/AndroidManifest.xml:57:13-86
80            android:label="@string/title_activity_about_event"
80-->src/main/AndroidManifest.xml:58:13-63
81            android:theme="@style/AppTheme.Main.Light" />
81-->src/main/AndroidManifest.xml:59:13-55
82        <activity
82-->src/main/AndroidManifest.xml:60:9-63:59
83            android:name="com.eventyay.organizer.core.event.create.CreateEventActivity"
83-->src/main/AndroidManifest.xml:61:13-88
84            android:label="@string/create_event"
84-->src/main/AndroidManifest.xml:62:13-49
85            android:theme="@style/AppTheme.NoActionBar" />
85-->src/main/AndroidManifest.xml:63:13-56
86        <activity
86-->src/main/AndroidManifest.xml:64:9-79:20
87            android:name="com.eventyay.organizer.core.organizer.detail.OrganizerDetailActivity"
87-->src/main/AndroidManifest.xml:65:13-96
88            android:label="@string/title_activity_organizer_detail"
88-->src/main/AndroidManifest.xml:66:13-68
89            android:theme="@style/AppTheme.Main.Light" >
89-->src/main/AndroidManifest.xml:67:13-55
90            <intent-filter>
90-->src/main/AndroidManifest.xml:68:13-78:29
91                <action android:name="android.intent.action.VIEW" />
91-->src/main/AndroidManifest.xml:69:17-69
91-->src/main/AndroidManifest.xml:69:25-66
92
93                <category android:name="android.intent.category.DEFAULT" />
93-->src/main/AndroidManifest.xml:71:17-76
93-->src/main/AndroidManifest.xml:71:27-73
94                <category android:name="android.intent.category.BROWSABLE" />
94-->src/main/AndroidManifest.xml:72:17-78
94-->src/main/AndroidManifest.xml:72:27-75
95
96                <data
96-->src/main/AndroidManifest.xml:74:17-77:46
97                    android:host="@string/FRONTEND_HOST"
97-->src/main/AndroidManifest.xml:75:21-57
98                    android:pathPrefix="/verify"
98-->src/main/AndroidManifest.xml:76:21-49
99                    android:scheme="https" />
99-->src/main/AndroidManifest.xml:77:21-43
100            </intent-filter>
101        </activity>
102        <activity
102-->src/main/AndroidManifest.xml:81:9-84:52
103            android:name="com.eventyay.organizer.core.speaker.details.SpeakerDetailsActivity"
103-->src/main/AndroidManifest.xml:82:13-94
104            android:label="@string/speaker_details_activity"
104-->src/main/AndroidManifest.xml:83:13-61
105            android:theme="@style/AppTheme.Main" />
105-->src/main/AndroidManifest.xml:84:13-49
106        <activity
106-->src/main/AndroidManifest.xml:85:9-88:58
107            android:name="com.eventyay.organizer.ui.editor.RichEditorActivity"
107-->src/main/AndroidManifest.xml:86:13-57
108            android:label=""
108-->src/main/AndroidManifest.xml:87:13-29
109            android:theme="@style/AppTheme.Main.Light" />
109-->src/main/AndroidManifest.xml:88:13-55
110
111        <meta-data
112            android:name="Mapbox Access Token"
113            android:value="YOUR_ACCESS_TOKEN" />
114
115        <service
115-->[com.squareup.leakcanary:leakcanary-android:2.0-alpha-1] AndroidManifest.xml:23:9-29:19
116            android:name="leakcanary.internal.HeapAnalyzerService"
116-->[com.squareup.leakcanary:leakcanary-android:2.0-alpha-1] AndroidManifest.xml:24:13-67
117            android:exported="false" >
117-->[com.squareup.leakcanary:leakcanary-android:2.0-alpha-1] AndroidManifest.xml:25:13-37
118            <intent-filter>
118-->[com.squareup.leakcanary:leakcanary-android:2.0-alpha-1] AndroidManifest.xml:26:13-28:29
119                <action android:name="leakcanary.ANALYSIS_ACTION" />
119-->[com.squareup.leakcanary:leakcanary-android:2.0-alpha-1] AndroidManifest.xml:27:17-69
119-->[com.squareup.leakcanary:leakcanary-android:2.0-alpha-1] AndroidManifest.xml:27:25-66
120            </intent-filter>
121        </service>
122
123        <activity android:name="com.blikoon.qrcodescanner.QrCodeActivity" >
123-->[com.github.blikoon:QRCodeScanner:0.1.2] AndroidManifest.xml:15:9-16:20
123-->[com.github.blikoon:QRCodeScanner:0.1.2] AndroidManifest.xml:15:19-74
124        </activity>
125        <activity
125-->[com.mapbox.mapboxsdk:mapbox-android-plugin-places-v8:0.9.0] AndroidManifest.xml:10:9-14:68
126            android:name="com.mapbox.mapboxsdk.plugins.places.autocomplete.ui.PlaceAutocompleteActivity"
126-->[com.mapbox.mapboxsdk:mapbox-android-plugin-places-v8:0.9.0] AndroidManifest.xml:11:13-105
127            android:configChanges="keyboard|keyboardHidden|orientation|screenLayout|uiMode|screenSize|smallestScreenSize"
127-->[com.mapbox.mapboxsdk:mapbox-android-plugin-places-v8:0.9.0] AndroidManifest.xml:12:13-122
128            android:theme="@style/mapbox_plugins_translucent"
128-->[com.mapbox.mapboxsdk:mapbox-android-plugin-places-v8:0.9.0] AndroidManifest.xml:13:13-62
129            android:windowSoftInputMode="stateVisible|adjustPan" />
129-->[com.mapbox.mapboxsdk:mapbox-android-plugin-places-v8:0.9.0] AndroidManifest.xml:14:13-65
130        <activity
130-->[com.mapbox.mapboxsdk:mapbox-android-plugin-places-v8:0.9.0] AndroidManifest.xml:15:9-17:125
131            android:name="com.mapbox.mapboxsdk.plugins.places.picker.ui.PlacePickerActivity"
131-->[com.mapbox.mapboxsdk:mapbox-android-plugin-places-v8:0.9.0] AndroidManifest.xml:16:13-93
132            android:configChanges="keyboard|keyboardHidden|orientation|screenLayout|uiMode|screenSize|smallestScreenSize" />
132-->[com.mapbox.mapboxsdk:mapbox-android-plugin-places-v8:0.9.0] AndroidManifest.xml:17:13-122
133
134        <provider
134-->[androidx.work:work-runtime:2.0.0] AndroidManifest.xml:28:9-34:35
135            android:name="androidx.work.impl.WorkManagerInitializer"
135-->[androidx.work:work-runtime:2.0.0] AndroidManifest.xml:29:13-69
136            android:authorities="com.eventyay.organizer.workmanager-init"
136-->[androidx.work:work-runtime:2.0.0] AndroidManifest.xml:30:13-68
137            android:directBootAware="false"
137-->[androidx.work:work-runtime:2.0.0] AndroidManifest.xml:31:13-44
138            android:exported="false"
138-->[androidx.work:work-runtime:2.0.0] AndroidManifest.xml:32:13-37
139            android:multiprocess="true" />
139-->[androidx.work:work-runtime:2.0.0] AndroidManifest.xml:33:13-40
140
141        <service
141-->[androidx.work:work-runtime:2.0.0] AndroidManifest.xml:36:9-41:35
142            android:name="androidx.work.impl.background.systemalarm.SystemAlarmService"
142-->[androidx.work:work-runtime:2.0.0] AndroidManifest.xml:37:13-88
143            android:directBootAware="false"
143-->[androidx.work:work-runtime:2.0.0] AndroidManifest.xml:38:13-44
144            android:enabled="@bool/enable_system_alarm_service_default"
144-->[androidx.work:work-runtime:2.0.0] AndroidManifest.xml:39:13-72
145            android:exported="false" />
145-->[androidx.work:work-runtime:2.0.0] AndroidManifest.xml:40:13-37
146        <service
146-->[androidx.work:work-runtime:2.0.0] AndroidManifest.xml:42:9-48:35
147            android:name="androidx.work.impl.background.systemjob.SystemJobService"
147-->[androidx.work:work-runtime:2.0.0] AndroidManifest.xml:43:13-84
148            android:directBootAware="false"
148-->[androidx.work:work-runtime:2.0.0] AndroidManifest.xml:44:13-44
149            android:enabled="@bool/enable_system_job_service_default"
149-->[androidx.work:work-runtime:2.0.0] AndroidManifest.xml:45:13-70
150            android:exported="true"
150-->[androidx.work:work-runtime:2.0.0] AndroidManifest.xml:46:13-36
151            android:permission="android.permission.BIND_JOB_SERVICE" />
151-->[androidx.work:work-runtime:2.0.0] AndroidManifest.xml:47:13-69
152
153        <receiver
153-->[androidx.work:work-runtime:2.0.0] AndroidManifest.xml:50:9-55:35
154            android:name="androidx.work.impl.utils.ForceStopRunnable$BroadcastReceiver"
154-->[androidx.work:work-runtime:2.0.0] AndroidManifest.xml:51:13-88
155            android:directBootAware="false"
155-->[androidx.work:work-runtime:2.0.0] AndroidManifest.xml:52:13-44
156            android:enabled="true"
156-->[androidx.work:work-runtime:2.0.0] AndroidManifest.xml:53:13-35
157            android:exported="false" />
157-->[androidx.work:work-runtime:2.0.0] AndroidManifest.xml:54:13-37
158        <receiver
158-->[androidx.work:work-runtime:2.0.0] AndroidManifest.xml:56:9-66:20
159            android:name="androidx.work.impl.background.systemalarm.ConstraintProxy$BatteryChargingProxy"
159-->[androidx.work:work-runtime:2.0.0] AndroidManifest.xml:57:13-106
160            android:directBootAware="false"
160-->[androidx.work:work-runtime:2.0.0] AndroidManifest.xml:58:13-44
161            android:enabled="false"
161-->[androidx.work:work-runtime:2.0.0] AndroidManifest.xml:59:13-36
162            android:exported="false" >
162-->[androidx.work:work-runtime:2.0.0] AndroidManifest.xml:60:13-37
163            <intent-filter>
163-->[androidx.work:work-runtime:2.0.0] AndroidManifest.xml:62:13-65:29
164                <action android:name="android.intent.action.ACTION_POWER_CONNECTED" />
164-->[androidx.work:work-runtime:2.0.0] AndroidManifest.xml:63:17-87
164-->[androidx.work:work-runtime:2.0.0] AndroidManifest.xml:63:25-84
165                <action android:name="android.intent.action.ACTION_POWER_DISCONNECTED" />
165-->[androidx.work:work-runtime:2.0.0] AndroidManifest.xml:64:17-90
165-->[androidx.work:work-runtime:2.0.0] AndroidManifest.xml:64:25-87
166            </intent-filter>
167        </receiver>
168        <receiver
168-->[androidx.work:work-runtime:2.0.0] AndroidManifest.xml:67:9-77:20
169            android:name="androidx.work.impl.background.systemalarm.ConstraintProxy$BatteryNotLowProxy"
169-->[androidx.work:work-runtime:2.0.0] AndroidManifest.xml:68:13-104
170            android:directBootAware="false"
170-->[androidx.work:work-runtime:2.0.0] AndroidManifest.xml:69:13-44
171            android:enabled="false"
171-->[androidx.work:work-runtime:2.0.0] AndroidManifest.xml:70:13-36
172            android:exported="false" >
172-->[androidx.work:work-runtime:2.0.0] AndroidManifest.xml:71:13-37
173            <intent-filter>
173-->[androidx.work:work-runtime:2.0.0] AndroidManifest.xml:73:13-76:29
174                <action android:name="android.intent.action.BATTERY_OKAY" />
174-->[androidx.work:work-runtime:2.0.0] AndroidManifest.xml:74:17-77
174-->[androidx.work:work-runtime:2.0.0] AndroidManifest.xml:74:25-74
175                <action android:name="android.intent.action.BATTERY_LOW" />
175-->[androidx.work:work-runtime:2.0.0] AndroidManifest.xml:75:17-76
175-->[androidx.work:work-runtime:2.0.0] AndroidManifest.xml:75:25-73
176            </intent-filter>
177        </receiver>
178        <receiver
178-->[androidx.work:work-runtime:2.0.0] AndroidManifest.xml:78:9-88:20
179            android:name="androidx.work.impl.background.systemalarm.ConstraintProxy$StorageNotLowProxy"
179-->[androidx.work:work-runtime:2.0.0] AndroidManifest.xml:79:13-104
180            android:directBootAware="false"
180-->[androidx.work:work-runtime:2.0.0] AndroidManifest.xml:80:13-44
181            android:enabled="false"
181-->[androidx.work:work-runtime:2.0.0] AndroidManifest.xml:81:13-36
182            android:exported="false" >
182-->[androidx.work:work-runtime:2.0.0] AndroidManifest.xml:82:13-37
183            <intent-filter>
183-->[androidx.work:work-runtime:2.0.0] AndroidManifest.xml:84:13-87:29
184                <action android:name="android.intent.action.DEVICE_STORAGE_LOW" />
184-->[androidx.work:work-runtime:2.0.0] AndroidManifest.xml:85:17-83
184-->[androidx.work:work-runtime:2.0.0] AndroidManifest.xml:85:25-80
185                <action android:name="android.intent.action.DEVICE_STORAGE_OK" />
185-->[androidx.work:work-runtime:2.0.0] AndroidManifest.xml:86:17-82
185-->[androidx.work:work-runtime:2.0.0] AndroidManifest.xml:86:25-79
186            </intent-filter>
187        </receiver>
188        <receiver
188-->[androidx.work:work-runtime:2.0.0] AndroidManifest.xml:89:9-98:20
189            android:name="androidx.work.impl.background.systemalarm.ConstraintProxy$NetworkStateProxy"
189-->[androidx.work:work-runtime:2.0.0] AndroidManifest.xml:90:13-103
190            android:directBootAware="false"
190-->[androidx.work:work-runtime:2.0.0] AndroidManifest.xml:91:13-44
191            android:enabled="false"
191-->[androidx.work:work-runtime:2.0.0] AndroidManifest.xml:92:13-36
192            android:exported="false" >
192-->[androidx.work:work-runtime:2.0.0] AndroidManifest.xml:93:13-37
193            <intent-filter>
193-->[androidx.work:work-runtime:2.0.0] AndroidManifest.xml:95:13-97:29
194                <action android:name="android.net.conn.CONNECTIVITY_CHANGE" />
194-->[androidx.work:work-runtime:2.0.0] AndroidManifest.xml:96:17-79
194-->[androidx.work:work-runtime:2.0.0] AndroidManifest.xml:96:25-76
195            </intent-filter>
196        </receiver>
197        <receiver
197-->[androidx.work:work-runtime:2.0.0] AndroidManifest.xml:99:9-110:20
198            android:name="androidx.work.impl.background.systemalarm.RescheduleReceiver"
198-->[androidx.work:work-runtime:2.0.0] AndroidManifest.xml:100:13-88
199            android:directBootAware="false"
199-->[androidx.work:work-runtime:2.0.0] AndroidManifest.xml:101:13-44
200            android:enabled="false"
200-->[androidx.work:work-runtime:2.0.0] AndroidManifest.xml:102:13-36
201            android:exported="false" >
201-->[androidx.work:work-runtime:2.0.0] AndroidManifest.xml:103:13-37
202            <intent-filter>
202-->[androidx.work:work-runtime:2.0.0] AndroidManifest.xml:105:13-109:29
203                <action android:name="android.intent.action.BOOT_COMPLETED" />
203-->[androidx.work:work-runtime:2.0.0] AndroidManifest.xml:106:17-79
203-->[androidx.work:work-runtime:2.0.0] AndroidManifest.xml:106:25-76
204                <action android:name="android.intent.action.TIME_SET" />
204-->[androidx.work:work-runtime:2.0.0] AndroidManifest.xml:107:17-73
204-->[androidx.work:work-runtime:2.0.0] AndroidManifest.xml:107:25-70
205                <action android:name="android.intent.action.TIMEZONE_CHANGED" />
205-->[androidx.work:work-runtime:2.0.0] AndroidManifest.xml:108:17-81
205-->[androidx.work:work-runtime:2.0.0] AndroidManifest.xml:108:25-78
206            </intent-filter>
207        </receiver>
208        <receiver
208-->[androidx.work:work-runtime:2.0.0] AndroidManifest.xml:111:9-120:20
209            android:name="androidx.work.impl.background.systemalarm.ConstraintProxyUpdateReceiver"
209-->[androidx.work:work-runtime:2.0.0] AndroidManifest.xml:112:13-99
210            android:directBootAware="false"
210-->[androidx.work:work-runtime:2.0.0] AndroidManifest.xml:113:13-44
211            android:enabled="@bool/enable_system_alarm_service_default"
211-->[androidx.work:work-runtime:2.0.0] AndroidManifest.xml:114:13-72
212            android:exported="false" >
212-->[androidx.work:work-runtime:2.0.0] AndroidManifest.xml:115:13-37
213            <intent-filter>
213-->[androidx.work:work-runtime:2.0.0] AndroidManifest.xml:117:13-119:29
214                <action android:name="androidx.work.impl.background.systemalarm.UpdateProxies" />
214-->[androidx.work:work-runtime:2.0.0] AndroidManifest.xml:118:17-98
214-->[androidx.work:work-runtime:2.0.0] AndroidManifest.xml:118:25-95
215            </intent-filter>
216        </receiver>
217
218        <service
218-->[com.squareup.leakcanary:leakcanary-android-core:2.0-alpha-1] AndroidManifest.xml:29:9-31:40
219            android:name="leakcanary.internal.AnalysisResultService"
219-->[com.squareup.leakcanary:leakcanary-android-core:2.0-alpha-1] AndroidManifest.xml:30:13-69
220            android:exported="false" />
220-->[com.squareup.leakcanary:leakcanary-android-core:2.0-alpha-1] AndroidManifest.xml:31:13-37
221
222        <provider
222-->[com.squareup.leakcanary:leakcanary-android-core:2.0-alpha-1] AndroidManifest.xml:33:9-41:20
223            android:name="leakcanary.internal.LeakCanaryFileProvider"
223-->[com.squareup.leakcanary:leakcanary-android-core:2.0-alpha-1] AndroidManifest.xml:34:13-70
224            android:authorities="com.squareup.leakcanary.fileprovider.com.eventyay.organizer"
224-->[com.squareup.leakcanary:leakcanary-android-core:2.0-alpha-1] AndroidManifest.xml:35:13-88
225            android:exported="false"
225-->[com.squareup.leakcanary:leakcanary-android-core:2.0-alpha-1] AndroidManifest.xml:36:13-37
226            android:grantUriPermissions="true" >
226-->[com.squareup.leakcanary:leakcanary-android-core:2.0-alpha-1] AndroidManifest.xml:37:13-47
227            <meta-data
227-->[com.squareup.leakcanary:leakcanary-android-core:2.0-alpha-1] AndroidManifest.xml:38:13-40:66
228                android:name="android.support.FILE_PROVIDER_PATHS"
228-->[com.squareup.leakcanary:leakcanary-android-core:2.0-alpha-1] AndroidManifest.xml:39:17-67
229                android:resource="@xml/leak_canary_file_paths" />
229-->[com.squareup.leakcanary:leakcanary-android-core:2.0-alpha-1] AndroidManifest.xml:40:17-63
230        </provider>
231
232        <activity
232-->[com.squareup.leakcanary:leakcanary-android-core:2.0-alpha-1] AndroidManifest.xml:43:9-48:66
233            android:name="leakcanary.internal.activity.LeakActivity"
233-->[com.squareup.leakcanary:leakcanary-android-core:2.0-alpha-1] AndroidManifest.xml:44:13-69
234            android:icon="@mipmap/leak_canary_icon"
234-->[com.squareup.leakcanary:leakcanary-android-core:2.0-alpha-1] AndroidManifest.xml:45:13-52
235            android:label="@string/leak_canary_display_activity_label"
235-->[com.squareup.leakcanary:leakcanary-android-core:2.0-alpha-1] AndroidManifest.xml:46:13-71
236            android:taskAffinity="com.squareup.leakcanary.com.eventyay.organizer"
236-->[com.squareup.leakcanary:leakcanary-android-core:2.0-alpha-1] AndroidManifest.xml:47:13-76
237            android:theme="@style/leak_canary_LeakCanary.Base" />
237-->[com.squareup.leakcanary:leakcanary-android-core:2.0-alpha-1] AndroidManifest.xml:48:13-63
238
239        <activity-alias
239-->[com.squareup.leakcanary:leakcanary-android-core:2.0-alpha-1] AndroidManifest.xml:50:9-63:26
240            android:name="leakcanary.internal.activity.LeakLauncherActivity"
240-->[com.squareup.leakcanary:leakcanary-android-core:2.0-alpha-1] AndroidManifest.xml:51:13-77
241            android:enabled="@bool/leak_canary_add_launcher_icon"
241-->[com.squareup.leakcanary:leakcanary-android-core:2.0-alpha-1] AndroidManifest.xml:52:13-66
242            android:icon="@mipmap/leak_canary_icon"
242-->[com.squareup.leakcanary:leakcanary-android-core:2.0-alpha-1] AndroidManifest.xml:53:13-52
243            android:label="@string/leak_canary_display_activity_label"
243-->[com.squareup.leakcanary:leakcanary-android-core:2.0-alpha-1] AndroidManifest.xml:54:13-71
244            android:targetActivity="leakcanary.internal.activity.LeakActivity"
244-->[com.squareup.leakcanary:leakcanary-android-core:2.0-alpha-1] AndroidManifest.xml:55:13-79
245            android:taskAffinity="com.squareup.leakcanary.com.eventyay.organizer"
245-->[com.squareup.leakcanary:leakcanary-android-core:2.0-alpha-1] AndroidManifest.xml:56:13-76
246            android:theme="@style/leak_canary_LeakCanary.Base" >
246-->[com.squareup.leakcanary:leakcanary-android-core:2.0-alpha-1] AndroidManifest.xml:57:13-63
247            <intent-filter>
247-->[com.squareup.leakcanary:leakcanary-android-core:2.0-alpha-1] AndroidManifest.xml:58:13-62:29
248                <action android:name="android.intent.action.MAIN" />
248-->[com.squareup.leakcanary:leakcanary-android-core:2.0-alpha-1] AndroidManifest.xml:59:17-69
248-->[com.squareup.leakcanary:leakcanary-android-core:2.0-alpha-1] AndroidManifest.xml:59:25-66
249
250                <category android:name="android.intent.category.LAUNCHER" />
250-->[com.squareup.leakcanary:leakcanary-android-core:2.0-alpha-1] AndroidManifest.xml:61:17-77
250-->[com.squareup.leakcanary:leakcanary-android-core:2.0-alpha-1] AndroidManifest.xml:61:27-74
251            </intent-filter>
252        </activity-alias>
253
254        <activity
254-->[com.squareup.leakcanary:leakcanary-android-core:2.0-alpha-1] AndroidManifest.xml:65:9-71:68
255            android:name="leakcanary.internal.RequestStoragePermissionActivity"
255-->[com.squareup.leakcanary:leakcanary-android-core:2.0-alpha-1] AndroidManifest.xml:66:13-80
256            android:excludeFromRecents="true"
256-->[com.squareup.leakcanary:leakcanary-android-core:2.0-alpha-1] AndroidManifest.xml:67:13-46
257            android:icon="@mipmap/leak_canary_icon"
257-->[com.squareup.leakcanary:leakcanary-android-core:2.0-alpha-1] AndroidManifest.xml:68:13-52
258            android:label="@string/leak_canary_storage_permission_activity_label"
258-->[com.squareup.leakcanary:leakcanary-android-core:2.0-alpha-1] AndroidManifest.xml:69:13-82
259            android:taskAffinity="com.squareup.leakcanary.com.eventyay.organizer"
259-->[com.squareup.leakcanary:leakcanary-android-core:2.0-alpha-1] AndroidManifest.xml:70:13-76
260            android:theme="@style/leak_canary_Theme.Transparent" />
260-->[com.squareup.leakcanary:leakcanary-android-core:2.0-alpha-1] AndroidManifest.xml:71:13-65
261
262        <meta-data
262-->[com.github.bumptech.glide:okhttp3-integration:4.8.0] AndroidManifest.xml:11:9-13:43
263            android:name="com.bumptech.glide.integration.okhttp3.OkHttpGlideModule"
263-->[com.github.bumptech.glide:okhttp3-integration:4.8.0] AndroidManifest.xml:12:13-84
264            android:value="GlideModule" />
264-->[com.github.bumptech.glide:okhttp3-integration:4.8.0] AndroidManifest.xml:13:13-40
265
266        <provider
266-->[com.mapbox.mapboxsdk:mapbox-android-telemetry:4.4.1] AndroidManifest.xml:19:9-23:39
267            android:name="com.mapbox.android.telemetry.provider.MapboxTelemetryInitProvider"
267-->[com.mapbox.mapboxsdk:mapbox-android-telemetry:4.4.1] AndroidManifest.xml:20:13-93
268            android:authorities="com.eventyay.organizer.mapboxtelemetryinitprovider"
268-->[com.mapbox.mapboxsdk:mapbox-android-telemetry:4.4.1] AndroidManifest.xml:21:13-79
269            android:exported="false"
269-->[com.mapbox.mapboxsdk:mapbox-android-telemetry:4.4.1] AndroidManifest.xml:22:13-37
270            android:initOrder="100" />